c:\users\white_dr7tr0e\source\repos\interactive-computer-graphics\project4\textures\textures\x64\debug\vc143.pdb
c:\users\white_dr7tr0e\source\repos\interactive-computer-graphics\project4\textures\textures\x64\debug\vc143.idb
c:\users\white_dr7tr0e\source\repos\interactive-computer-graphics\project4\textures\textures\x64\debug\main.obj
c:\users\white_dr7tr0e\source\repos\interactive-computer-graphics\project4\textures\x64\debug\textures.pdb
c:\users\white_dr7tr0e\source\repos\interactive-computer-graphics\project4\textures\textures\x64\debug\textures.tlog\cl.command.1.tlog
c:\users\white_dr7tr0e\source\repos\interactive-computer-graphics\project4\textures\textures\x64\debug\textures.tlog\cl.read.1.tlog
c:\users\white_dr7tr0e\source\repos\interactive-computer-graphics\project4\textures\textures\x64\debug\textures.tlog\cl.write.1.tlog
c:\users\white_dr7tr0e\source\repos\interactive-computer-graphics\project4\textures\textures\x64\debug\textures.tlog\link-cvtres.read.1.tlog
c:\users\white_dr7tr0e\source\repos\interactive-computer-graphics\project4\textures\textures\x64\debug\textures.tlog\link-cvtres.write.1.tlog
c:\users\white_dr7tr0e\source\repos\interactive-computer-graphics\project4\textures\textures\x64\debug\textures.tlog\link-rc.read.1.tlog
c:\users\white_dr7tr0e\source\repos\interactive-computer-graphics\project4\textures\textures\x64\debug\textures.tlog\link-rc.write.1.tlog
c:\users\white_dr7tr0e\source\repos\interactive-computer-graphics\project4\textures\textures\x64\debug\textures.tlog\link.6168-cvtres.read.1.tlog
c:\users\white_dr7tr0e\source\repos\interactive-computer-graphics\project4\textures\textures\x64\debug\textures.tlog\link.6168-cvtres.write.1.tlog
c:\users\white_dr7tr0e\source\repos\interactive-computer-graphics\project4\textures\textures\x64\debug\textures.tlog\link.6168-rc.read.1.tlog
c:\users\white_dr7tr0e\source\repos\interactive-computer-graphics\project4\textures\textures\x64\debug\textures.tlog\link.6168-rc.write.1.tlog
c:\users\white_dr7tr0e\source\repos\interactive-computer-graphics\project4\textures\textures\x64\debug\textures.tlog\link.6168.read.1.tlog
c:\users\white_dr7tr0e\source\repos\interactive-computer-graphics\project4\textures\textures\x64\debug\textures.tlog\link.6168.read.2.tlog
c:\users\white_dr7tr0e\source\repos\interactive-computer-graphics\project4\textures\textures\x64\debug\textures.tlog\link.6168.write.1.tlog
c:\users\white_dr7tr0e\source\repos\interactive-computer-graphics\project4\textures\textures\x64\debug\textures.tlog\link.command.1.tlog
c:\users\white_dr7tr0e\source\repos\interactive-computer-graphics\project4\textures\textures\x64\debug\textures.tlog\link.read.1.tlog
c:\users\white_dr7tr0e\source\repos\interactive-computer-graphics\project4\textures\textures\x64\debug\textures.tlog\link.read.2.tlog
c:\users\white_dr7tr0e\source\repos\interactive-computer-graphics\project4\textures\textures\x64\debug\textures.tlog\link.write.1.tlog
