  main.cpp
C:\Users\White\source\repos\Interactive-Computer-Graphics\Project8\Tessellation\include\lodepng\lodepng.cpp(687,54): warning C4334: '<<': result of 32-bit shift implicitly converted to 64 bits (was 64-bit shift intended?)
C:\Users\White\source\repos\Interactive-Computer-Graphics\Project8\Tessellation\include\lodepng\lodepng.cpp(705,35): warning C4267: '=': conversion from 'size_t' to 'unsigned short', possible loss of data
C:\Users\White\source\repos\Interactive-Computer-Graphics\Project8\Tessellation\include\lodepng\lodepng.cpp(706,39): warning C4334: '<<': result of 32-bit shift implicitly converted to 64 bits (was 64-bit shift intended?)
C:\Users\White\source\repos\Interactive-Computer-Graphics\Project8\Tessellation\include\lodepng\lodepng.cpp(730,37): warning C4267: '=': conversion from 'size_t' to 'unsigned short', possible loss of data
C:\Users\White\source\repos\Interactive-Computer-Graphics\Project8\Tessellation\include\lodepng\lodepng.cpp(747,38): warning C4267: '=': conversion from 'size_t' to 'unsigned short', possible loss of data
C:\Users\White\source\repos\Interactive-Computer-Graphics\Project8\Tessellation\include\lodepng\lodepng.cpp(3726,78): warning C4267: 'argument': conversion from 'size_t' to 'unsigned int', possible loss of data
C:\Users\White\source\repos\Interactive-Computer-Graphics\Project8\Tessellation\include\lodepng\lodepng.cpp(4729,33): warning C4267: '=': conversion from 'size_t' to 'unsigned int', possible loss of data
C:\Users\White\source\repos\Interactive-Computer-Graphics\Project8\Tessellation\include\lodepng\lodepng.cpp(4998,60): warning C4267: 'argument': conversion from 'size_t' to 'unsigned int', possible loss of data
C:\Users\White\source\repos\Interactive-Computer-Graphics\Project8\Tessellation\include\lodepng\lodepng.cpp(5003,83): warning C4267: 'argument': conversion from 'size_t' to 'unsigned int', possible loss of data
C:\Users\White\source\repos\Interactive-Computer-Graphics\Project8\Tessellation\include\lodepng\lodepng.cpp(5004,94): warning C4267: 'argument': conversion from 'size_t' to 'unsigned int', possible loss of data
C:\Users\White\source\repos\Interactive-Computer-Graphics\Project8\Tessellation\include\lodepng\lodepng.cpp(5005,83): warning C4267: 'argument': conversion from 'size_t' to 'unsigned int', possible loss of data
C:\Users\White\source\repos\Interactive-Computer-Graphics\Project8\Tessellation\include\lodepng\lodepng.cpp(5006,94): warning C4267: 'argument': conversion from 'size_t' to 'unsigned int', possible loss of data
C:\Users\White\source\repos\Interactive-Computer-Graphics\Project8\Tessellation\include\lodepng\lodepng.cpp(5007,83): warning C4267: 'argument': conversion from 'size_t' to 'unsigned int', possible loss of data
C:\Users\White\source\repos\Interactive-Computer-Graphics\Project8\Tessellation\include\lodepng\lodepng.cpp(5008,94): warning C4267: 'argument': conversion from 'size_t' to 'unsigned int', possible loss of data
C:\Users\White\source\repos\Interactive-Computer-Graphics\Project8\Tessellation\include\lodepng\lodepng.cpp(5009,78): warning C4267: 'argument': conversion from 'size_t' to 'unsigned int', possible loss of data
C:\Users\White\source\repos\Interactive-Computer-Graphics\Project8\Tessellation\include\lodepng\lodepng.cpp(5204,3): warning C4267: 'argument': conversion from 'size_t' to 'unsigned int', possible loss of data
C:\Users\White\source\repos\Interactive-Computer-Graphics\Project8\Tessellation\include\lodepng\lodepng.cpp(5228,7): warning C4267: 'argument': conversion from 'size_t' to 'unsigned int', possible loss of data
C:\Users\White\source\repos\Interactive-Computer-Graphics\Project8\Tessellation\include\lodepng\lodepng.cpp(5262,62): warning C4267: 'argument': conversion from 'size_t' to 'unsigned int', possible loss of data
C:\Users\White\source\repos\Interactive-Computer-Graphics\Project8\Tessellation\include\lodepng\lodepng.cpp(5279,3): warning C4267: 'argument': conversion from 'size_t' to 'unsigned int', possible loss of data
C:\Users\White\source\repos\Interactive-Computer-Graphics\Project8\Tessellation\include\lodepng\lodepng.cpp(5301,57): warning C4267: 'argument': conversion from 'size_t' to 'unsigned int', possible loss of data
C:\Users\White\source\repos\Interactive-Computer-Graphics\Project8\Tessellation\include\lodepng\lodepng.cpp(5332,57): warning C4267: 'argument': conversion from 'size_t' to 'unsigned int', possible loss of data
C:\Users\White\source\repos\Interactive-Computer-Graphics\Project8\Tessellation\include\lodepng\lodepng.cpp(5445,57): warning C4267: 'argument': conversion from 'size_t' to 'unsigned int', possible loss of data
C:\Users\White\source\repos\Interactive-Computer-Graphics\Project8\Tessellation\include\lodepng\lodepng.cpp(5559,33): warning C4334: '<<': result of 32-bit shift implicitly converted to 64 bits (was 64-bit shift intended?)
  Generating code
  3 of 712 functions ( 0.4%) were compiled, the rest were copied from previous compilation.
    0 functions were new in current compilation
    6 functions had inline decision re-evaluated but remain unchanged
  Finished generating code
  Tessellation.vcxproj -> C:\Users\White\source\repos\Interactive-Computer-Graphics\Project8\Tessellation\x64\Release\Tessellation.exe
