  main.cpp
C:\Users\white_dr7tr0e\source\repos\Interactive-Computer-Graphics\Project2\Transformations\Transformations\main.cpp(41,66): warning C4244: 'argument': conversion from 'int' to 'T', possible loss of data
          with
          [
              T=float
          ]
C:\Users\white_dr7tr0e\source\repos\Interactive-Computer-Graphics\Project2\Transformations\Transformations\main.cpp(49,17): warning C4244: 'initializing': conversion from 'double' to 'int', possible loss of data
C:\Users\white_dr7tr0e\source\repos\Interactive-Computer-Graphics\Project2\Transformations\Transformations\main.cpp(56,17): warning C4244: 'initializing': conversion from 'double' to 'int', possible loss of data
C:\Users\white_dr7tr0e\source\repos\Interactive-Computer-Graphics\Project2\Transformations\Transformations\main.cpp(75,56): warning C4244: 'argument': conversion from 'int' to 'T', possible loss of data
          with
          [
              T=float
          ]
C:\Users\white_dr7tr0e\source\repos\Interactive-Computer-Graphics\Project2\Transformations\Transformations\main.cpp(119,59): warning C4305: 'argument': truncation from 'double' to 'const T'
          with
          [
              T=float
          ]
C:\Users\white_dr7tr0e\source\repos\Interactive-Computer-Graphics\Project2\Transformations\Transformations\main.cpp(119,64): warning C4244: 'argument': conversion from 'int' to 'const T', possible loss of data
          with
          [
              T=float
          ]
C:\Users\white_dr7tr0e\source\repos\Interactive-Computer-Graphics\Project2\Transformations\Transformations\main.cpp(125,74): warning C4244: 'argument': conversion from 'double' to 'T', possible loss of data
          with
          [
              T=float
          ]
C:\Users\white_dr7tr0e\source\repos\Interactive-Computer-Graphics\Project2\Transformations\Transformations\main.cpp(126,73): warning C4244: 'argument': conversion from 'double' to 'T', possible loss of data
          with
          [
              T=float
          ]
C:\Users\white_dr7tr0e\source\repos\Interactive-Computer-Graphics\Project2\Transformations\Transformations\main.cpp(148,13): warning C4244: 'initializing': conversion from 'float' to 'int', possible loss of data
C:\Users\white_dr7tr0e\source\repos\Interactive-Computer-Graphics\Project2\Transformations\Transformations\main.cpp(149,15): warning C4244: 'initializing': conversion from 'float' to 'int', possible loss of data
C:\Users\white_dr7tr0e\source\repos\Interactive-Computer-Graphics\Project2\Transformations\Transformations\main.cpp(150,14): warning C4244: 'initializing': conversion from 'float' to 'int', possible loss of data
C:\Users\white_dr7tr0e\source\repos\Interactive-Computer-Graphics\Project2\Transformations\Transformations\main.cpp(151,15): warning C4244: 'initializing': conversion from 'float' to 'int', possible loss of data
C:\Users\white_dr7tr0e\source\repos\Interactive-Computer-Graphics\Project2\Transformations\Transformations\main.cpp(154,36): warning C4244: 'argument': conversion from 'int' to 'GLclampf', possible loss of data
C:\Users\white_dr7tr0e\source\repos\Interactive-Computer-Graphics\Project2\Transformations\Transformations\main.cpp(154,30): warning C4244: 'argument': conversion from 'int' to 'GLclampf', possible loss of data
C:\Users\white_dr7tr0e\source\repos\Interactive-Computer-Graphics\Project2\Transformations\Transformations\main.cpp(154,23): warning C4244: 'argument': conversion from 'int' to 'GLclampf', possible loss of data
C:\Users\white_dr7tr0e\source\repos\Interactive-Computer-Graphics\Project2\Transformations\Transformations\main.cpp(154,18): warning C4244: 'argument': conversion from 'int' to 'GLclampf', possible loss of data
C:\Users\white_dr7tr0e\source\repos\Interactive-Computer-Graphics\Project2\Transformations\Transformations\main.cpp(185,45): warning C4244: 'argument': conversion from 'float' to 'int', possible loss of data
C:\Users\white_dr7tr0e\source\repos\Interactive-Computer-Graphics\Project2\Transformations\Transformations\main.cpp(185,44): warning C4244: 'argument': conversion from 'int' to 'T', possible loss of data
          with
          [
              T=float
          ]
  Transformations.vcxproj -> C:\Users\white_dr7tr0e\source\repos\Interactive-Computer-Graphics\Project2\Transformations\x64\Debug\Transformations.exe
